  GLUTCallbacks.cpp
  MeshLoader.cpp
  objLoader.cpp
C:\Users\Mr Poopybutthole\Documents\GitHub\OpenGL-Project\OpenGL\objLoader.cpp(128,20): warning C4018: '<': signed/unsigned mismatch
C:\Users\Mr Poopybutthole\Documents\GitHub\OpenGL-Project\OpenGL\objLoader.cpp(131,21): warning C4018: '<': signed/unsigned mismatch
C:\Users\Mr Poopybutthole\Documents\GitHub\OpenGL-Project\OpenGL\objLoader.cpp(416,16): warning C4244: 'initializing': conversion from 'double' to 'float', possible loss of data
C:\Users\Mr Poopybutthole\Documents\GitHub\OpenGL-Project\OpenGL\objLoader.cpp(509,21): warning C4018: '<': signed/unsigned mismatch
  SceneObject.cpp
  Source.cpp
C:\Users\Mr Poopybutthole\Documents\GitHub\OpenGL-Project\OpenGL\Source.cpp(29,16): warning C4154: deletion of an array expression; conversion to pointer supplied
C:\Users\Mr Poopybutthole\Documents\GitHub\OpenGL-Project\OpenGL\Source.cpp(38,24): warning C4305: '-=': truncation from 'double' to 'float'
C:\Users\Mr Poopybutthole\Documents\GitHub\OpenGL-Project\OpenGL\Source.cpp(39,27): warning C4305: '-=': truncation from 'double' to 'float'
C:\Users\Mr Poopybutthole\Documents\GitHub\OpenGL-Project\OpenGL\Source.cpp(40,23): warning C4305: '-=': truncation from 'double' to 'float'
C:\Users\Mr Poopybutthole\Documents\GitHub\OpenGL-Project\OpenGL\Source.cpp(45,24): warning C4305: '+=': truncation from 'double' to 'float'
C:\Users\Mr Poopybutthole\Documents\GitHub\OpenGL-Project\OpenGL\Source.cpp(46,27): warning C4305: '+=': truncation from 'double' to 'float'
C:\Users\Mr Poopybutthole\Documents\GitHub\OpenGL-Project\OpenGL\Source.cpp(47,23): warning C4305: '+=': truncation from 'double' to 'float'
C:\Users\Mr Poopybutthole\Documents\GitHub\OpenGL-Project\OpenGL\Source.cpp(52,24): warning C4305: '-=': truncation from 'double' to 'float'
C:\Users\Mr Poopybutthole\Documents\GitHub\OpenGL-Project\OpenGL\Source.cpp(53,27): warning C4305: '-=': truncation from 'double' to 'float'
C:\Users\Mr Poopybutthole\Documents\GitHub\OpenGL-Project\OpenGL\Source.cpp(54,23): warning C4305: '-=': truncation from 'double' to 'float'
C:\Users\Mr Poopybutthole\Documents\GitHub\OpenGL-Project\OpenGL\Source.cpp(59,24): warning C4305: '+=': truncation from 'double' to 'float'
C:\Users\Mr Poopybutthole\Documents\GitHub\OpenGL-Project\OpenGL\Source.cpp(60,27): warning C4305: '+=': truncation from 'double' to 'float'
C:\Users\Mr Poopybutthole\Documents\GitHub\OpenGL-Project\OpenGL\Source.cpp(61,23): warning C4305: '+=': truncation from 'double' to 'float'
  Texture2D.cpp
  Tree.cpp
C:\Users\Mr Poopybutthole\Documents\GitHub\OpenGL-Project\OpenGL\Tree.cpp(8,12): warning C4244: 'argument': conversion from 'time_t' to 'unsigned int', possible loss of data
C:\Users\Mr Poopybutthole\Documents\GitHub\OpenGL-Project\OpenGL\Tree.cpp(9,28): warning C4244: '=': conversion from 'int' to 'float', possible loss of data
C:\Users\Mr Poopybutthole\Documents\GitHub\OpenGL-Project\OpenGL\Tree.cpp(11,28): warning C4244: '=': conversion from 'int' to 'float', possible loss of data
C:\Users\Mr Poopybutthole\Documents\GitHub\OpenGL-Project\OpenGL\Tree.cpp(42,21): warning C4018: '<': signed/unsigned mismatch
GLUTCallbacks.obj : error LNK2005: "bool __cdecl Algorithm::InTriangle(struct Vector3,struct Vector3,struct Vector3,struct Vector3)" (?InTriangle@Algorithm@@YA_NUVector3@@000@Z) already defined in GLUTCallbacks.obj
GLUTCallbacks.obj : error LNK2005: "struct Vector3 __cdecl Algorithm::GenerateTriangleNormal(struct Vector3,struct Vector3,struct Vector3)" (?GenerateTriangleNormal@Algorithm@@YA?AUVector3@@U2@00@Z) already defined in GLUTCallbacks.obj
GLUTCallbacks.obj : error LNK2005: "bool __cdecl Algorithm::SameSide(struct Vector3,struct Vector3,struct Vector3,struct Vector3)" (?SameSide@Algorithm@@YA_NUVector3@@000@Z) already defined in GLUTCallbacks.obj
GLUTCallbacks.obj : error LNK2005: "struct Vector3 __cdecl Algorithm::operator*(float const &,struct Vector3 const &)" (??DAlgorithm@@YA?AUVector3@@ABMABU1@@Z) already defined in GLUTCallbacks.obj
GLUTCallbacks.obj : error LNK2005: "struct Vector3 __cdecl Math::ProjectionCalculation(struct Vector3,struct Vector3)" (?ProjectionCalculation@Math@@YA?AUVector3@@U2@0@Z) already defined in GLUTCallbacks.obj
GLUTCallbacks.obj : error LNK2005: "float __cdecl Math::AngleBetweenVectors(struct Vector3,struct Vector3)" (?AngleBetweenVectors@Math@@YAMUVector3@@0@Z) already defined in GLUTCallbacks.obj
GLUTCallbacks.obj : error LNK2005: "float __cdecl Math::DotProduct(struct Vector3,struct Vector3)" (?DotProduct@Math@@YAMUVector3@@0@Z) already defined in GLUTCallbacks.obj
GLUTCallbacks.obj : error LNK2005: "float __cdecl Math::Magnitude(struct Vector3)" (?Magnitude@Math@@YAMUVector3@@@Z) already defined in GLUTCallbacks.obj
GLUTCallbacks.obj : error LNK2005: "struct Vector3 __cdecl Math::CrossProduct(struct Vector3,struct Vector3)" (?CrossProduct@Math@@YA?AUVector3@@U2@0@Z) already defined in GLUTCallbacks.obj
GLUTCallbacks.obj : error LNK2005: "bool __cdecl Algorithm::InTriangle(struct Vector3,struct Vector3,struct Vector3,struct Vector3)" (?InTriangle@Algorithm@@YA_NUVector3@@000@Z) already defined in GLUTCallbacks.obj
GLUTCallbacks.obj : error LNK2005: "struct Vector3 __cdecl Algorithm::GenerateTriangleNormal(struct Vector3,struct Vector3,struct Vector3)" (?GenerateTriangleNormal@Algorithm@@YA?AUVector3@@U2@00@Z) already defined in GLUTCallbacks.obj
GLUTCallbacks.obj : error LNK2005: "bool __cdecl Algorithm::SameSide(struct Vector3,struct Vector3,struct Vector3,struct Vector3)" (?SameSide@Algorithm@@YA_NUVector3@@000@Z) already defined in GLUTCallbacks.obj
GLUTCallbacks.obj : error LNK2005: "struct Vector3 __cdecl Algorithm::operator*(float const &,struct Vector3 const &)" (??DAlgorithm@@YA?AUVector3@@ABMABU1@@Z) already defined in GLUTCallbacks.obj
GLUTCallbacks.obj : error LNK2005: "struct Vector3 __cdecl Math::ProjectionCalculation(struct Vector3,struct Vector3)" (?ProjectionCalculation@Math@@YA?AUVector3@@U2@0@Z) already defined in GLUTCallbacks.obj
GLUTCallbacks.obj : error LNK2005: "float __cdecl Math::AngleBetweenVectors(struct Vector3,struct Vector3)" (?AngleBetweenVectors@Math@@YAMUVector3@@0@Z) already defined in GLUTCallbacks.obj
GLUTCallbacks.obj : error LNK2005: "float __cdecl Math::DotProduct(struct Vector3,struct Vector3)" (?DotProduct@Math@@YAMUVector3@@0@Z) already defined in GLUTCallbacks.obj
GLUTCallbacks.obj : error LNK2005: "float __cdecl Math::Magnitude(struct Vector3)" (?Magnitude@Math@@YAMUVector3@@@Z) already defined in GLUTCallbacks.obj
GLUTCallbacks.obj : error LNK2005: "struct Vector3 __cdecl Math::CrossProduct(struct Vector3,struct Vector3)" (?CrossProduct@Math@@YA?AUVector3@@U2@0@Z) already defined in GLUTCallbacks.obj
GLUTCallbacks.obj : error LNK2005: "bool __cdecl Algorithm::InTriangle(struct Vector3,struct Vector3,struct Vector3,struct Vector3)" (?InTriangle@Algorithm@@YA_NUVector3@@000@Z) already defined in GLUTCallbacks.obj
GLUTCallbacks.obj : error LNK2005: "struct Vector3 __cdecl Algorithm::GenerateTriangleNormal(struct Vector3,struct Vector3,struct Vector3)" (?GenerateTriangleNormal@Algorithm@@YA?AUVector3@@U2@00@Z) already defined in GLUTCallbacks.obj
GLUTCallbacks.obj : error LNK2005: "bool __cdecl Algorithm::SameSide(struct Vector3,struct Vector3,struct Vector3,struct Vector3)" (?SameSide@Algorithm@@YA_NUVector3@@000@Z) already defined in GLUTCallbacks.obj
GLUTCallbacks.obj : error LNK2005: "struct Vector3 __cdecl Algorithm::operator*(float const &,struct Vector3 const &)" (??DAlgorithm@@YA?AUVector3@@ABMABU1@@Z) already defined in GLUTCallbacks.obj
GLUTCallbacks.obj : error LNK2005: "struct Vector3 __cdecl Math::ProjectionCalculation(struct Vector3,struct Vector3)" (?ProjectionCalculation@Math@@YA?AUVector3@@U2@0@Z) already defined in GLUTCallbacks.obj
GLUTCallbacks.obj : error LNK2005: "float __cdecl Math::AngleBetweenVectors(struct Vector3,struct Vector3)" (?AngleBetweenVectors@Math@@YAMUVector3@@0@Z) already defined in GLUTCallbacks.obj
GLUTCallbacks.obj : error LNK2005: "float __cdecl Math::DotProduct(struct Vector3,struct Vector3)" (?DotProduct@Math@@YAMUVector3@@0@Z) already defined in GLUTCallbacks.obj
GLUTCallbacks.obj : error LNK2005: "float __cdecl Math::Magnitude(struct Vector3)" (?Magnitude@Math@@YAMUVector3@@@Z) already defined in GLUTCallbacks.obj
GLUTCallbacks.obj : error LNK2005: "struct Vector3 __cdecl Math::CrossProduct(struct Vector3,struct Vector3)" (?CrossProduct@Math@@YA?AUVector3@@U2@0@Z) already defined in GLUTCallbacks.obj
GLUTCallbacks.obj : error LNK2005: "bool __cdecl Algorithm::InTriangle(struct Vector3,struct Vector3,struct Vector3,struct Vector3)" (?InTriangle@Algorithm@@YA_NUVector3@@000@Z) already defined in GLUTCallbacks.obj
GLUTCallbacks.obj : error LNK2005: "struct Vector3 __cdecl Algorithm::GenerateTriangleNormal(struct Vector3,struct Vector3,struct Vector3)" (?GenerateTriangleNormal@Algorithm@@YA?AUVector3@@U2@00@Z) already defined in GLUTCallbacks.obj
GLUTCallbacks.obj : error LNK2005: "bool __cdecl Algorithm::SameSide(struct Vector3,struct Vector3,struct Vector3,struct Vector3)" (?SameSide@Algorithm@@YA_NUVector3@@000@Z) already defined in GLUTCallbacks.obj
GLUTCallbacks.obj : error LNK2005: "struct Vector3 __cdecl Algorithm::operator*(float const &,struct Vector3 const &)" (??DAlgorithm@@YA?AUVector3@@ABMABU1@@Z) already defined in GLUTCallbacks.obj
GLUTCallbacks.obj : error LNK2005: "struct Vector3 __cdecl Math::ProjectionCalculation(struct Vector3,struct Vector3)" (?ProjectionCalculation@Math@@YA?AUVector3@@U2@0@Z) already defined in GLUTCallbacks.obj
GLUTCallbacks.obj : error LNK2005: "float __cdecl Math::AngleBetweenVectors(struct Vector3,struct Vector3)" (?AngleBetweenVectors@Math@@YAMUVector3@@0@Z) already defined in GLUTCallbacks.obj
GLUTCallbacks.obj : error LNK2005: "float __cdecl Math::DotProduct(struct Vector3,struct Vector3)" (?DotProduct@Math@@YAMUVector3@@0@Z) already defined in GLUTCallbacks.obj
GLUTCallbacks.obj : error LNK2005: "float __cdecl Math::Magnitude(struct Vector3)" (?Magnitude@Math@@YAMUVector3@@@Z) already defined in GLUTCallbacks.obj
GLUTCallbacks.obj : error LNK2005: "struct Vector3 __cdecl Math::CrossProduct(struct Vector3,struct Vector3)" (?CrossProduct@Math@@YA?AUVector3@@U2@0@Z) already defined in GLUTCallbacks.obj
C:\Users\Mr Poopybutthole\Documents\GitHub\OpenGL-Project\OpenGL\Release\OpenGL.exe : fatal error LNK1169: one or more multiply defined symbols found
